<?xml version="1.0" encoding="UTF-8"?>
<!-- Generated by org.testng.reporters.JUnitReportReporter -->
<testsuite hostname="LAPTOP-VFG172U6" failures="0" tests="2" name="runner.TestRunner" time="37.476" errors="0" timestamp="2021-05-09T12:00:47 IST" skipped="0">
  <testcase classname="runner.TestRunner" name="runScenario" time="32.899"/>
  <system-out/>
  <testcase classname="runner.TestRunner" name="runScenario" time="4.577"/>
  <system-out/>
</testsuite> <!-- runner.TestRunner -->
